<?xml version="1.0" encoding="UTF-8"?>
<!-- Generated by org.testng.reporters.JUnitXMLReporter -->
<testsuite hostname="selenium" ignored="6" name="Default test" tests="2" failures="0" timestamp="17 Jan 2018 09:05:21 GMT" time="20.921" errors="0">
  <testcase name="login" time="7.374" classname="Loans.CreateLoan"/>
  <testcase name="CCL" time="13.493" classname="Loans.CreateLoan"/>
  <testcase name="pigmyloan" time="0.0" classname="Loans.CreateLoan">
    <ignored/>
  </testcase> <!-- pigmyloan -->
  <testcase name="FixedDepositLoan" time="0.0" classname="Loans.CreateLoan">
    <ignored/>
  </testcase> <!-- FixedDepositLoan -->
  <testcase name="goldloan" time="0.0" classname="Loans.CreateLoan">
    <ignored/>
  </testcase> <!-- goldloan -->
  <testcase name="MidTermLoan" time="0.0" classname="Loans.CreateLoan">
    <ignored/>
  </testcase> <!-- MidTermLoan -->
  <testcase name="HYPOTHICATIONLOAN" time="0.0" classname="Loans.CreateLoan">
    <ignored/>
  </testcase> <!-- HYPOTHICATIONLOAN -->
  <testcase name="recuringloan" time="0.0" classname="Loans.CreateLoan">
    <ignored/>
  </testcase> <!-- recuringloan -->
</testsuite> <!-- Default test -->
