<?xml version="1.0" encoding="UTF-8"?>
<!-- Generated by org.testng.reporters.JUnitXMLReporter -->
<testsuite hostname="vijayp" ignored="1" name="Regression_Test" tests="2" failures="0" timestamp="10 Jul 2017 11:08:23 GMT" time="50.429" errors="0">
  <testcase name="getmoney2" time="49.822" classname="CrossBranch.Withdraw_Test_parallel"/>
  <testcase name="getmoney1" time="50.354" classname="CrossBranch.Withdraw_Test_parallel"/>
  <testcase name="getmoney3" time="0.0" classname="CrossBranch.Withdraw_Test_parallel">
    <ignored/>
  </testcase> <!-- getmoney3 -->
</testsuite> <!-- Regression_Test -->
