<?xml version="1.0" encoding="UTF-8"?>
<testng-results skipped="0" failed="0" ignored="0" total="1" passed="1">
  <reporter-output>
  </reporter-output>
  <suite name="Default suite" duration-ms="23982" started-at="2017-12-06T11:57:02Z" finished-at="2017-12-06T11:57:26Z">
    <groups>
    </groups>
    <test name="Default test" duration-ms="23982" started-at="2017-12-06T11:57:02Z" finished-at="2017-12-06T11:57:26Z">
      <class name="configuration.Preference">
        <test-method status="PASS" signature="PreferenceTest()[pri:0, instance:configuration.Preference@56f4468b]" name="PreferenceTest" duration-ms="23927" started-at="2017-12-06T17:27:02Z" finished-at="2017-12-06T17:27:26Z">
          <reporter-output>
          </reporter-output>
        </test-method> <!-- PreferenceTest -->
      </class> <!-- configuration.Preference -->
    </test> <!-- Default test -->
  </suite> <!-- Default suite -->
</testng-results>
