<?xml version="1.0" encoding="UTF-8"?>
<!-- Generated by org.testng.reporters.JUnitXMLReporter -->
<testsuite hostname="vijayp" ignored="0" name="Configuration" tests="19" failures="0" timestamp="05 Dec 2017 07:39:00 GMT" time="1350.79" errors="0">
  <testcase name="addorganization" time="53.975" classname="configuration.AddOrg"/>
  <testcase name="addbranchd" time="53.5" classname="configuration.AddBranch"/>
  <testcase name="editbranchs" time="60.721" classname="configuration.EditBranch"/>
  <testcase name="Addacct" time="29.063" classname="configuration.AddAcctSchms"/>
  <testcase name="EditAcctScm" time="27.586" classname="configuration.EditAcctSchms"/>
  <testcase name="AddDeposit" time="409.573" classname="configuration.AddDepositSchemes"/>
  <testcase name="EditDeposit" time="58.97" classname="configuration.EditDepositSchemes"/>
  <testcase name="editmis" time="69.287" classname="configuration.EditMonthtlyDeposit"/>
  <testcase name="Addloan" time="195.609" classname="configuration.AddLoanSchemes"/>
  <testcase name="loanscm" time="109.441" classname="configuration.EditLoanSchms"/>
  <testcase name="addshares" time="71.002" classname="configuration.AddShraesSetting"/>
  <testcase name="EditShareSt" time="30.239" classname="configuration.EditShareSettings"/>
  <testcase name="Caste" time="40.644" classname="configuration.CasteMaster"/>
  <testcase name="hlydy" time="43.476" classname="configuration.Holiday"/>
  <testcase name="Login" time="17.403" classname="configuration.AddDeleteUser"/>
  <testcase name="addusr1" time="21.118" classname="configuration.AddDeleteUser"/>
  <testcase name="addusr2" time="18.725" classname="configuration.AddDeleteUser"/>
  <testcase name="addusr3" time="21.221" classname="configuration.AddDeleteUser"/>
  <testcase name="deleteusr" time="19.091" classname="configuration.AddDeleteUser"/>
</testsuite> <!-- Configuration -->
